2025-05-23 17:43:49,598 - INFO - [31m[1mWARNING: This is a development server. Do not use it in a production deployment. Use a production WSGI server instead.[0m
 * Running on all addresses (0.0.0.0)
 * Running on http://127.0.0.1:8080
 * Running on http://192.168.1.115:8080
2025-05-23 17:43:49,598 - INFO - [33mPress CTRL+C to quit[0m
2025-05-23 17:43:49,601 - INFO -  * Restarting with stat
2025-05-23 17:43:50,000 - WARNING -  * Debugger is active!
2025-05-23 17:43:50,007 - INFO -  * Debugger PIN: 137-095-005
2025-05-23 17:52:16,914 - INFO -  * Detected change in 'C:\\Users\\USER001\\DevopsCourseOran\\PYTHON\\8_errors+logging\\systeminfo_erroring.py', reloading
2025-05-23 17:52:17,040 - INFO -  * Restarting with stat
2025-05-23 17:52:17,693 - WARNING -  * Debugger is active!
2025-05-23 17:52:17,696 - INFO -  * Debugger PIN: 137-095-005
2025-05-23 17:52:20,716 - INFO -  * Detected change in 'C:\\Users\\USER001\\DevopsCourseOran\\PYTHON\\8_errors+logging\\systeminfo_erroring.py', reloading
2025-05-23 17:52:20,856 - INFO -  * Restarting with stat
2025-05-23 17:52:21,323 - WARNING -  * Debugger is active!
2025-05-23 17:52:21,329 - INFO -  * Debugger PIN: 137-095-005
2025-05-23 17:52:24,598 - INFO -  * Detected change in 'C:\\Users\\USER001\\DevopsCourseOran\\PYTHON\\8_errors+logging\\systeminfo_erroring.py', reloading
2025-05-23 17:52:24,680 - INFO -  * Restarting with stat
2025-05-23 17:52:25,040 - WARNING -  * Debugger is active!
2025-05-23 17:52:25,045 - INFO -  * Debugger PIN: 137-095-005
